<?xml version="1.0" encoding="UTF-8" standalone="no"?><testsuite errors="0" failures="1" name="tests.RegisterTests" skipped="0" tests="1" time="15.3" timestamp="2023-05-23 09:51:46"><testcase classname="tests.RegisterTests" name="Successful login"><failure message="expected: &lt;There is already an account with this email address. If you are sure that it is your email address, click here to get your password and access your account.&gt; but was: &lt;Thank you for registering with Main Website Store.&gt;" type="org.opentest4j.AssertionFailedError">expected: &lt;There is already an account with this email address. If you are sure that it is your email address, click here to get your password and access your account.&gt; but was: &lt;Thank you for registering with Main Website Store.&gt;</failure><system-err>expected: &lt;There is already an account with this email address. If you are sure that it is your email address, click here to get your password and access your account.&gt; but was: &lt;Thank you for registering with Main Website Store.&gt;&#13;
steps.RegisterSteps.checkMessage(RegisterSteps.java:54)&#13;
tests.RegisterTests.successfulLogin(RegisterTests.java:62)&#13;
</system-err></testcase></testsuite>